<?xml version="1.0" encoding="UTF-8"?>
<testng-results ignored="0" total="1" passed="1" failed="0" skipped="0">
  <reporter-output>
  </reporter-output>
  <suite started-at="2021-06-26T02:21:39Z" name="Default suite" finished-at="2021-06-26T02:21:42Z" duration-ms="2855">
    <groups>
    </groups>
    <test started-at="2021-06-26T02:21:39Z" name="Default test" finished-at="2021-06-26T02:21:42Z" duration-ms="2855">
      <class name="testCases.GET_Read_Products">
        <test-method signature="readAllProducts()[pri:0, instance:testCases.GET_Read_Products@b83a9be]" started-at="2021-06-26T02:21:39Z" name="readAllProducts" finished-at="2021-06-26T02:21:42Z" duration-ms="2782" status="PASS">
          <reporter-output>
          </reporter-output>
        </test-method> <!-- readAllProducts -->
      </class> <!-- testCases.GET_Read_Products -->
    </test> <!-- Default test -->
  </suite> <!-- Default suite -->
</testng-results>
